# JRE version: Java(TM) SE Runtime Environment (21.0.10+8) (build 21.0.10+8-LTS-217)
# Java VM: Java HotSpot(TM) 64-Bit Server VM (21.0.10+8-LTS-217, mixed mode, sharing, tiered, compressed oops, compressed class ptrs, parallel gc, windows-amd64)
GC Precious Log:
 CardTable entry size: 512
 CPUs: 20 total, 20 available
 Memory: 15991M
 Large Page Support: Disabled
 NUMA Support: Disabled
 Compressed Oops: Enabled (Zero based)
 Alignments: Space 512K, Generation 512K, Heap 2M
 Heap Min Capacity: 100M
 Heap Initial Capacity: 100M
 Heap Max Capacity: 4G
 Pre-touch: Disabled
 Parallel Workers: 15
Heap:
 PSYoungGen      total 15360K, used 9172K [0x00000007aab00000, 0x00000007abe00000, 0x0000000800000000)
  eden space 13824K, 58% used [0x00000007aab00000,0x00000007ab2d6980,0x00000007ab880000)
  from space 1536K, 74% used [0x00000007abc80000,0x00000007abd9e7d0,0x00000007abe00000)
  to   space 1536K, 0% used [0x00000007abb00000,0x00000007abb00000,0x00000007abc80000)
 ParOldGen       total 68608K, used 66016K [0x0000000700000000, 0x0000000704300000, 0x00000007aab00000)
  object space 68608K, 96% used [0x0000000700000000,0x00000007040780e8,0x0000000704300000)
 Metaspace       used 17851K, committed 18752K, reserved 1114112K
  class space    used 1551K, committed 1920K, reserved 1048576K
GC Heap History (20 events):
Event: 6.951 GC heap before
{Heap before GC invocations=27 (full 0):
 PSYoungGen      total 18432K, used 18242K [0x00000007aab00000, 0x00000007ac680000, 0x0000000800000000)
  eden space 13824K, 100% used [0x00000007aab00000,0x00000007ab880000,0x00000007ab880000)
  from space 4608K, 95% used [0x00000007ac200000,0x00000007ac650800,0x00000007ac680000)
  to   space 6144K, 0% used [0x00000007aba80000,0x00000007aba80000,0x00000007ac080000)
 ParOldGen       total 68608K, used 52139K [0x0000000700000000, 0x0000000704300000, 0x00000007aab00000)
  object space 68608K, 75% used [0x0000000700000000,0x00000007032eafb8,0x0000000704300000)
 Metaspace       used 15353K, committed 16128K, reserved 1114112K
  class space    used 1290K, committed 1600K, reserved 1048576K
}
Event: 6.954 GC heap after
{Heap after GC invocations=27 (full 0):
 PSYoungGen      total 15360K, used 1216K [0x00000007aab00000, 0x00000007ac280000, 0x0000000800000000)
  eden space 13824K, 0% used [0x00000007aab00000,0x00000007aab00000,0x00000007ab880000)
  from space 1536K, 79% used [0x00000007aba80000,0x00000007abbb0000,0x00000007abc00000)
  to   space 3072K, 0% used [0x00000007abf80000,0x00000007abf80000,0x00000007ac280000)
 ParOldGen       total 68608K, used 56300K [0x0000000700000000, 0x0000000704300000, 0x00000007aab00000)
  object space 68608K, 82% used [0x0000000700000000,0x00000007036fb2f0,0x0000000704300000)
 Metaspace       used 15353K, committed 16128K, reserved 1114112K
  class space    used 1290K, committed 1600K, reserved 1048576K
}
Event: 6.976 GC heap before
{Heap before GC invocations=28 (full 0):
 PSYoungGen      total 15360K, used 15040K [0x00000007aab00000, 0x00000007ac280000, 0x0000000800000000)
  eden space 13824K, 100% used [0x00000007aab00000,0x00000007ab880000,0x00000007ab880000)
  from space 1536K, 79% used [0x00000007aba80000,0x00000007abbb0000,0x00000007abc00000)
  to   space 3072K, 0% used [0x00000007abf80000,0x00000007abf80000,0x00000007ac280000)
 ParOldGen       total 68608K, used 56300K [0x0000000700000000, 0x0000000704300000, 0x00000007aab00000)
  object space 68608K, 82% used [0x0000000700000000,0x00000007036fb2f0,0x0000000704300000)
 Metaspace       used 15394K, committed 16192K, reserved 1114112K
  class space    used 1290K, committed 1600K, reserved 1048576K
}
Event: 6.977 GC heap after
{Heap after GC invocations=28 (full 0):
 PSYoungGen      total 15872K, used 1540K [0x00000007aab00000, 0x00000007ac180000, 0x0000000800000000)
  eden space 13824K, 0% used [0x00000007aab00000,0x00000007aab00000,0x00000007ab880000)
  from space 2048K, 75% used [0x00000007abf80000,0x00000007ac101000,0x00000007ac180000)
  to   space 2048K, 0% used [0x00000007abd80000,0x00000007abd80000,0x00000007abf80000)
 ParOldGen       total 68608K, used 57228K [0x0000000700000000, 0x0000000704300000, 0x00000007aab00000)
  object space 68608K, 83% used [0x0000000700000000,0x00000007037e32f0,0x0000000704300000)
 Metaspace       used 15394K, committed 16192K, reserved 1114112K
  class space    used 1290K, committed 1600K, reserved 1048576K
}
Event: 6.998 GC heap before
{Heap before GC invocations=29 (full 0):
 PSYoungGen      total 15872K, used 15364K [0x00000007aab00000, 0x00000007ac180000, 0x0000000800000000)
  eden space 13824K, 100% used [0x00000007aab00000,0x00000007ab880000,0x00000007ab880000)
  from space 2048K, 75% used [0x00000007abf80000,0x00000007ac101000,0x00000007ac180000)
  to   space 2048K, 0% used [0x00000007abd80000,0x00000007abd80000,0x00000007abf80000)
 ParOldGen       total 68608K, used 57228K [0x0000000700000000, 0x0000000704300000, 0x00000007aab00000)
  object space 68608K, 83% used [0x0000000700000000,0x00000007037e32f0,0x0000000704300000)
 Metaspace       used 15425K, committed 16192K, reserved 1114112K
  class space    used 1292K, committed 1600K, reserved 1048576K
}
Event: 7.000 GC heap after
{Heap after GC invocations=29 (full 0):
 PSYoungGen      total 15360K, used 1472K [0x00000007aab00000, 0x00000007ac000000, 0x0000000800000000)
  eden space 13824K, 0% used [0x00000007aab00000,0x00000007aab00000,0x00000007ab880000)
  from space 1536K, 95% used [0x00000007abd80000,0x00000007abef0000,0x00000007abf00000)
  to   space 1024K, 0% used [0x00000007abf00000,0x00000007abf00000,0x00000007ac000000)
 ParOldGen       total 68608K, used 58553K [0x0000000700000000, 0x0000000704300000, 0x00000007aab00000)
  object space 68608K, 85% used [0x0000000700000000,0x000000070392e748,0x0000000704300000)
 Metaspace       used 15425K, committed 16192K, reserved 1114112K
  class space    used 1292K, committed 1600K, reserved 1048576K
}
Event: 7.033 GC heap before
{Heap before GC invocations=30 (full 0):
 PSYoungGen      total 15360K, used 15296K [0x00000007aab00000, 0x00000007ac000000, 0x0000000800000000)
  eden space 13824K, 100% used [0x00000007aab00000,0x00000007ab880000,0x00000007ab880000)
  from space 1536K, 95% used [0x00000007abd80000,0x00000007abef0000,0x00000007abf00000)
  to   space 1024K, 0% used [0x00000007abf00000,0x00000007abf00000,0x00000007ac000000)
 ParOldGen       total 68608K, used 58553K [0x0000000700000000, 0x0000000704300000, 0x00000007aab00000)
  object space 68608K, 85% used [0x0000000700000000,0x000000070392e748,0x0000000704300000)
 Metaspace       used 15587K, committed 16448K, reserved 1114112K
  class space    used 1304K, committed 1664K, reserved 1048576K
}
Event: 7.035 GC heap after
{Heap after GC invocations=30 (full 0):
 PSYoungGen      total 14848K, used 1024K [0x00000007aab00000, 0x00000007ac000000, 0x0000000800000000)
  eden space 13824K, 0% used [0x00000007aab00000,0x00000007aab00000,0x00000007ab880000)
  from space 1024K, 100% used [0x00000007abf00000,0x00000007ac000000,0x00000007ac000000)
  to   space 3072K, 0% used [0x00000007aba00000,0x00000007aba00000,0x00000007abd00000)
 ParOldGen       total 68608K, used 60117K [0x0000000700000000, 0x0000000704300000, 0x00000007aab00000)
  object space 68608K, 87% used [0x0000000700000000,0x0000000703ab57d0,0x0000000704300000)
 Metaspace       used 15587K, committed 16448K, reserved 1114112K
  class space    used 1304K, committed 1664K, reserved 1048576K
}
Event: 7.061 GC heap before
{Heap before GC invocations=31 (full 0):
 PSYoungGen      total 14848K, used 14848K [0x00000007aab00000, 0x00000007ac000000, 0x0000000800000000)
  eden space 13824K, 100% used [0x00000007aab00000,0x00000007ab880000,0x00000007ab880000)
  from space 1024K, 100% used [0x00000007abf00000,0x00000007ac000000,0x00000007ac000000)
  to   space 3072K, 0% used [0x00000007aba00000,0x00000007aba00000,0x00000007abd00000)
 ParOldGen       total 68608K, used 60117K [0x0000000700000000, 0x0000000704300000, 0x00000007aab00000)
  object space 68608K, 87% used [0x0000000700000000,0x0000000703ab57d0,0x0000000704300000)
 Metaspace       used 15695K, committed 16512K, reserved 1114112K
  class space    used 1309K, committed 1664K, reserved 1048576K
}
Event: 7.062 GC heap after
{Heap after GC invocations=31 (full 0):
 PSYoungGen      total 16896K, used 1336K [0x00000007aab00000, 0x00000007abf80000, 0x0000000800000000)
  eden space 13824K, 0% used [0x00000007aab00000,0x00000007aab00000,0x00000007ab880000)
  from space 3072K, 43% used [0x00000007aba00000,0x00000007abb4e200,0x00000007abd00000)
  to   space 2048K, 0% used [0x00000007abd80000,0x00000007abd80000,0x00000007abf80000)
 ParOldGen       total 68608K, used 61117K [0x0000000700000000, 0x0000000704300000, 0x00000007aab00000)
  object space 68608K, 89% used [0x0000000700000000,0x0000000703baf7d0,0x0000000704300000)
 Metaspace       used 15695K, committed 16512K, reserved 1114112K
  class space    used 1309K, committed 1664K, reserved 1048576K
}
Event: 7.086 GC heap before
{Heap before GC invocations=32 (full 0):
 PSYoungGen      total 16896K, used 15160K [0x00000007aab00000, 0x00000007abf80000, 0x0000000800000000)
  eden space 13824K, 100% used [0x00000007aab00000,0x00000007ab880000,0x00000007ab880000)
  from space 3072K, 43% used [0x00000007aba00000,0x00000007abb4e200,0x00000007abd00000)
  to   space 2048K, 0% used [0x00000007abd80000,0x00000007abd80000,0x00000007abf80000)
 ParOldGen       total 68608K, used 61117K [0x0000000700000000, 0x0000000704300000, 0x00000007aab00000)
  object space 68608K, 89% used [0x0000000700000000,0x0000000703baf7d0,0x0000000704300000)
 Metaspace       used 15706K, committed 16512K, reserved 1114112K
  class space    used 1310K, committed 1664K, reserved 1048576K
}
Event: 7.088 GC heap after
{Heap after GC invocations=32 (full 0):
 PSYoungGen      total 15360K, used 1312K [0x00000007aab00000, 0x00000007abf00000, 0x0000000800000000)
  eden space 13824K, 0% used [0x00000007aab00000,0x00000007aab00000,0x00000007ab880000)
  from space 1536K, 85% used [0x00000007abd80000,0x00000007abec8000,0x00000007abf00000)
  to   space 1536K, 0% used [0x00000007abc00000,0x00000007abc00000,0x00000007abd80000)
 ParOldGen       total 68608K, used 62302K [0x0000000700000000, 0x0000000704300000, 0x00000007aab00000)
  object space 68608K, 90% used [0x0000000700000000,0x0000000703cd79d0,0x0000000704300000)
 Metaspace       used 15706K, committed 16512K, reserved 1114112K
  class space    used 1310K, committed 1664K, reserved 1048576K
}
Event: 7.140 GC heap before
{Heap before GC invocations=33 (full 0):
 PSYoungGen      total 15360K, used 15136K [0x00000007aab00000, 0x00000007abf00000, 0x0000000800000000)
  eden space 13824K, 100% used [0x00000007aab00000,0x00000007ab880000,0x00000007ab880000)
  from space 1536K, 85% used [0x00000007abd80000,0x00000007abec8000,0x00000007abf00000)
  to   space 1536K, 0% used [0x00000007abc00000,0x00000007abc00000,0x00000007abd80000)
 ParOldGen       total 68608K, used 62302K [0x0000000700000000, 0x0000000704300000, 0x00000007aab00000)
  object space 68608K, 90% used [0x0000000700000000,0x0000000703cd79d0,0x0000000704300000)
 Metaspace       used 15854K, committed 16640K, reserved 1114112K
  class space    used 1324K, committed 1664K, reserved 1048576K
}
Event: 7.142 GC heap after
{Heap after GC invocations=33 (full 0):
 PSYoungGen      total 15360K, used 1280K [0x00000007aab00000, 0x00000007abe00000, 0x0000000800000000)
  eden space 13824K, 0% used [0x00000007aab00000,0x00000007aab00000,0x00000007ab880000)
  from space 1536K, 83% used [0x00000007abc00000,0x00000007abd40000,0x00000007abd80000)
  to   space 512K, 0% used [0x00000007abd80000,0x00000007abd80000,0x00000007abe00000)
 ParOldGen       total 68608K, used 63358K [0x0000000700000000, 0x0000000704300000, 0x00000007aab00000)
  object space 68608K, 92% used [0x0000000700000000,0x0000000703ddf9d0,0x0000000704300000)
 Metaspace       used 15854K, committed 16640K, reserved 1114112K
  class space    used 1324K, committed 1664K, reserved 1048576K
}
Event: 7.295 GC heap before
{Heap before GC invocations=34 (full 0):
 PSYoungGen      total 15360K, used 15104K [0x00000007aab00000, 0x00000007abe00000, 0x0000000800000000)
  eden space 13824K, 100% used [0x00000007aab00000,0x00000007ab880000,0x00000007ab880000)
  from space 1536K, 83% used [0x00000007abc00000,0x00000007abd40000,0x00000007abd80000)
  to   space 512K, 0% used [0x00000007abd80000,0x00000007abd80000,0x00000007abe00000)
 ParOldGen       total 68608K, used 63358K [0x0000000700000000, 0x0000000704300000, 0x00000007aab00000)
  object space 68608K, 92% used [0x0000000700000000,0x0000000703ddf9d0,0x0000000704300000)
 Metaspace       used 16050K, committed 16896K, reserved 1114112K
  class space    used 1331K, committed 1664K, reserved 1048576K
}
Event: 7.297 GC heap after
{Heap after GC invocations=34 (full 0):
 PSYoungGen      total 14336K, used 512K [0x00000007aab00000, 0x00000007abe00000, 0x0000000800000000)
  eden space 13824K, 0% used [0x00000007aab00000,0x00000007aab00000,0x00000007ab880000)
  from space 512K, 100% used [0x00000007abd80000,0x00000007abe00000,0x00000007abe00000)
  to   space 2048K, 0% used [0x00000007aba00000,0x00000007aba00000,0x00000007abc00000)
 ParOldGen       total 68608K, used 64670K [0x0000000700000000, 0x0000000704300000, 0x00000007aab00000)
  object space 68608K, 94% used [0x0000000700000000,0x0000000703f27a48,0x0000000704300000)
 Metaspace       used 16050K, committed 16896K, reserved 1114112K
  class space    used 1331K, committed 1664K, reserved 1048576K
}
Event: 7.555 GC heap before
{Heap before GC invocations=35 (full 0):
 PSYoungGen      total 14336K, used 14336K [0x00000007aab00000, 0x00000007abe00000, 0x0000000800000000)
  eden space 13824K, 100% used [0x00000007aab00000,0x00000007ab880000,0x00000007ab880000)
  from space 512K, 100% used [0x00000007abd80000,0x00000007abe00000,0x00000007abe00000)
  to   space 2048K, 0% used [0x00000007aba00000,0x00000007aba00000,0x00000007abc00000)
 ParOldGen       total 68608K, used 64670K [0x0000000700000000, 0x0000000704300000, 0x00000007aab00000)
  object space 68608K, 94% used [0x0000000700000000,0x0000000703f27a48,0x0000000704300000)
 Metaspace       used 16937K, committed 17792K, reserved 1114112K
  class space    used 1441K, committed 1792K, reserved 1048576K
}
Event: 7.557 GC heap after
{Heap after GC invocations=35 (full 0):
 PSYoungGen      total 15872K, used 1120K [0x00000007aab00000, 0x00000007abe00000, 0x0000000800000000)
  eden space 13824K, 0% used [0x00000007aab00000,0x00000007aab00000,0x00000007ab880000)
  from space 2048K, 54% used [0x00000007aba00000,0x00000007abb18000,0x00000007abc00000)
  to   space 1536K, 0% used [0x00000007abc80000,0x00000007abc80000,0x00000007abe00000)
 ParOldGen       total 68608K, used 65144K [0x0000000700000000, 0x0000000704300000, 0x00000007aab00000)
  object space 68608K, 94% used [0x0000000700000000,0x0000000703f9e0e8,0x0000000704300000)
 Metaspace       used 16937K, committed 17792K, reserved 1114112K
  class space    used 1441K, committed 1792K, reserved 1048576K
}
Event: 7.700 GC heap before
{Heap before GC invocations=36 (full 0):
 PSYoungGen      total 15872K, used 14944K [0x00000007aab00000, 0x00000007abe00000, 0x0000000800000000)
  eden space 13824K, 100% used [0x00000007aab00000,0x00000007ab880000,0x00000007ab880000)
  from space 2048K, 54% used [0x00000007aba00000,0x00000007abb18000,0x00000007abc00000)
  to   space 1536K, 0% used [0x00000007abc80000,0x00000007abc80000,0x00000007abe00000)
 ParOldGen       total 68608K, used 65144K [0x0000000700000000, 0x0000000704300000, 0x00000007aab00000)
  object space 68608K, 94% used [0x0000000700000000,0x0000000703f9e0e8,0x0000000704300000)
 Metaspace       used 17393K, committed 18240K, reserved 1114112K
  class space    used 1484K, committed 1792K, reserved 1048576K
}
Event: 7.701 GC heap after
{Heap after GC invocations=36 (full 0):
 PSYoungGen      total 15360K, used 1145K [0x00000007aab00000, 0x00000007abe00000, 0x0000000800000000)
  eden space 13824K, 0% used [0x00000007aab00000,0x00000007aab00000,0x00000007ab880000)
  from space 1536K, 74% used [0x00000007abc80000,0x00000007abd9e7d0,0x00000007abe00000)
  to   space 1536K, 0% used [0x00000007abb00000,0x00000007abb00000,0x00000007abc80000)
 ParOldGen       total 68608K, used 66016K [0x0000000700000000, 0x0000000704300000, 0x00000007aab00000)
  object space 68608K, 96% used [0x0000000700000000,0x00000007040780e8,0x0000000704300000)
 Metaspace       used 17393K, committed 18240K, reserved 1114112K
  class space    used 1484K, committed 1792K, reserved 1048576K
}

