# JRE version: Java(TM) SE Runtime Environment (21.0.10+8) (build 21.0.10+8-LTS-217)
# Java VM: Java HotSpot(TM) 64-Bit Server VM (21.0.10+8-LTS-217, mixed mode, sharing, tiered, compressed oops, compressed class ptrs, parallel gc, windows-amd64)
GC Precious Log:
 CardTable entry size: 512
 CPUs: 20 total, 20 available
 Memory: 15991M
 Large Page Support: Disabled
 NUMA Support: Disabled
 Compressed Oops: Enabled (Zero based)
 Alignments: Space 512K, Generation 512K, Heap 2M
 Heap Min Capacity: 100M
 Heap Initial Capacity: 100M
 Heap Max Capacity: 4G
 Pre-touch: Disabled
 Parallel Workers: 15
Heap:
 PSYoungGen      total 19968K, used 9036K [0x00000007aab00000, 0x00000007ac380000, 0x0000000800000000)
  eden space 16896K, 39% used [0x00000007aab00000,0x00000007ab18b070,0x00000007abb80000)
  from space 3072K, 76% used [0x00000007abe00000,0x00000007ac048020,0x00000007ac100000)
  to   space 2560K, 0% used [0x00000007ac100000,0x00000007ac100000,0x00000007ac380000)
 ParOldGen       total 68608K, used 32035K [0x0000000700000000, 0x0000000704300000, 0x00000007aab00000)
  object space 68608K, 46% used [0x0000000700000000,0x0000000701f48e68,0x0000000704300000)
 Metaspace       used 13424K, committed 14208K, reserved 1114112K
  class space    used 1131K, committed 1472K, reserved 1048576K
GC Heap History (20 events):
Event: 5.809 GC heap before
{Heap before GC invocations=8 (full 0):
 PSYoungGen      total 28672K, used 28316K [0x00000007aab00000, 0x00000007ad180000, 0x0000000800000000)
  eden space 17920K, 100% used [0x00000007aab00000,0x00000007abc80000,0x00000007abc80000)
  from space 10752K, 96% used [0x00000007abc80000,0x00000007ac6a71f8,0x00000007ac700000)
  to   space 10752K, 0% used [0x00000007ac700000,0x00000007ac700000,0x00000007ad180000)
 ParOldGen       total 68608K, used 14539K [0x0000000700000000, 0x0000000704300000, 0x00000007aab00000)
  object space 68608K, 21% used [0x0000000700000000,0x0000000700e32de8,0x0000000704300000)
 Metaspace       used 8965K, committed 9536K, reserved 1114112K
  class space    used 768K, committed 1024K, reserved 1048576K
}
Event: 5.813 GC heap after
{Heap after GC invocations=8 (full 0):
 PSYoungGen      total 27648K, used 10722K [0x00000007aab00000, 0x00000007ad380000, 0x0000000800000000)
  eden space 16896K, 0% used [0x00000007aab00000,0x00000007aab00000,0x00000007abb80000)
  from space 10752K, 99% used [0x00000007ac700000,0x00000007ad178938,0x00000007ad180000)
  to   space 11776K, 0% used [0x00000007abb80000,0x00000007abb80000,0x00000007ac700000)
 ParOldGen       total 68608K, used 15254K [0x0000000700000000, 0x0000000704300000, 0x00000007aab00000)
  object space 68608K, 22% used [0x0000000700000000,0x0000000700ee5bd0,0x0000000704300000)
 Metaspace       used 8965K, committed 9536K, reserved 1114112K
  class space    used 768K, committed 1024K, reserved 1048576K
}
Event: 5.964 GC heap before
{Heap before GC invocations=9 (full 0):
 PSYoungGen      total 27648K, used 27618K [0x00000007aab00000, 0x00000007ad380000, 0x0000000800000000)
  eden space 16896K, 100% used [0x00000007aab00000,0x00000007abb80000,0x00000007abb80000)
  from space 10752K, 99% used [0x00000007ac700000,0x00000007ad178938,0x00000007ad180000)
  to   space 11776K, 0% used [0x00000007abb80000,0x00000007abb80000,0x00000007ac700000)
 ParOldGen       total 68608K, used 15254K [0x0000000700000000, 0x0000000704300000, 0x00000007aab00000)
  object space 68608K, 22% used [0x0000000700000000,0x0000000700ee5bd0,0x0000000704300000)
 Metaspace       used 9160K, committed 9664K, reserved 1114112K
  class space    used 783K, committed 1024K, reserved 1048576K
}
Event: 5.968 GC heap after
{Heap after GC invocations=9 (full 0):
 PSYoungGen      total 25088K, used 7996K [0x00000007aab00000, 0x00000007ace80000, 0x0000000800000000)
  eden space 16896K, 0% used [0x00000007aab00000,0x00000007aab00000,0x00000007abb80000)
  from space 8192K, 97% used [0x00000007abb80000,0x00000007ac34f2f0,0x00000007ac380000)
  to   space 9728K, 0% used [0x00000007ac500000,0x00000007ac500000,0x00000007ace80000)
 ParOldGen       total 68608K, used 17941K [0x0000000700000000, 0x0000000704300000, 0x00000007aab00000)
  object space 68608K, 26% used [0x0000000700000000,0x00000007011854a0,0x0000000704300000)
 Metaspace       used 9160K, committed 9664K, reserved 1114112K
  class space    used 783K, committed 1024K, reserved 1048576K
}
Event: 6.126 GC heap before
{Heap before GC invocations=10 (full 0):
 PSYoungGen      total 25088K, used 24892K [0x00000007aab00000, 0x00000007ace80000, 0x0000000800000000)
  eden space 16896K, 100% used [0x00000007aab00000,0x00000007abb80000,0x00000007abb80000)
  from space 8192K, 97% used [0x00000007abb80000,0x00000007ac34f2f0,0x00000007ac380000)
  to   space 9728K, 0% used [0x00000007ac500000,0x00000007ac500000,0x00000007ace80000)
 ParOldGen       total 68608K, used 17941K [0x0000000700000000, 0x0000000704300000, 0x00000007aab00000)
  object space 68608K, 26% used [0x0000000700000000,0x00000007011854a0,0x0000000704300000)
 Metaspace       used 9786K, committed 10496K, reserved 1114112K
  class space    used 852K, committed 1152K, reserved 1048576K
}
Event: 6.130 GC heap after
{Heap after GC invocations=10 (full 0):
 PSYoungGen      total 19968K, used 2842K [0x00000007aab00000, 0x00000007ac800000, 0x0000000800000000)
  eden space 16896K, 0% used [0x00000007aab00000,0x00000007aab00000,0x00000007abb80000)
  from space 3072K, 92% used [0x00000007ac500000,0x00000007ac7c6ae8,0x00000007ac800000)
  to   space 5120K, 0% used [0x00000007abe00000,0x00000007abe00000,0x00000007ac300000)
 ParOldGen       total 68608K, used 24795K [0x0000000700000000, 0x0000000704300000, 0x00000007aab00000)
  object space 68608K, 36% used [0x0000000700000000,0x0000000701836d18,0x0000000704300000)
 Metaspace       used 9786K, committed 10496K, reserved 1114112K
  class space    used 852K, committed 1152K, reserved 1048576K
}
Event: 6.208 GC heap before
{Heap before GC invocations=11 (full 0):
 PSYoungGen      total 19968K, used 19738K [0x00000007aab00000, 0x00000007ac800000, 0x0000000800000000)
  eden space 16896K, 100% used [0x00000007aab00000,0x00000007abb80000,0x00000007abb80000)
  from space 3072K, 92% used [0x00000007ac500000,0x00000007ac7c6ae8,0x00000007ac800000)
  to   space 5120K, 0% used [0x00000007abe00000,0x00000007abe00000,0x00000007ac300000)
 ParOldGen       total 68608K, used 24795K [0x0000000700000000, 0x0000000704300000, 0x00000007aab00000)
  object space 68608K, 36% used [0x0000000700000000,0x0000000701836d18,0x0000000704300000)
 Metaspace       used 10335K, committed 11008K, reserved 1114112K
  class space    used 873K, committed 1152K, reserved 1048576K
}
Event: 6.210 GC heap after
{Heap after GC invocations=11 (full 0):
 PSYoungGen      total 22016K, used 900K [0x00000007aab00000, 0x00000007ac580000, 0x0000000800000000)
  eden space 16896K, 0% used [0x00000007aab00000,0x00000007aab00000,0x00000007abb80000)
  from space 5120K, 17% used [0x00000007abe00000,0x00000007abee1290,0x00000007ac300000)
  to   space 2048K, 0% used [0x00000007ac380000,0x00000007ac380000,0x00000007ac580000)
 ParOldGen       total 68608K, used 27273K [0x0000000700000000, 0x0000000704300000, 0x00000007aab00000)
  object space 68608K, 39% used [0x0000000700000000,0x0000000701aa2608,0x0000000704300000)
 Metaspace       used 10335K, committed 11008K, reserved 1114112K
  class space    used 873K, committed 1152K, reserved 1048576K
}
Event: 6.302 GC heap before
{Heap before GC invocations=12 (full 0):
 PSYoungGen      total 22016K, used 17792K [0x00000007aab00000, 0x00000007ac580000, 0x0000000800000000)
  eden space 16896K, 99% used [0x00000007aab00000,0x00000007abb7ef30,0x00000007abb80000)
  from space 5120K, 17% used [0x00000007abe00000,0x00000007abee1290,0x00000007ac300000)
  to   space 2048K, 0% used [0x00000007ac380000,0x00000007ac380000,0x00000007ac580000)
 ParOldGen       total 68608K, used 27273K [0x0000000700000000, 0x0000000704300000, 0x00000007aab00000)
  object space 68608K, 39% used [0x0000000700000000,0x0000000701aa2608,0x0000000704300000)
 Metaspace       used 11387K, committed 12096K, reserved 1114112K
  class space    used 962K, committed 1280K, reserved 1048576K
}
Event: 6.303 GC heap after
{Heap after GC invocations=12 (full 0):
 PSYoungGen      total 17920K, used 529K [0x00000007aab00000, 0x00000007ac480000, 0x0000000800000000)
  eden space 16896K, 0% used [0x00000007aab00000,0x00000007aab00000,0x00000007abb80000)
  from space 1024K, 51% used [0x00000007ac380000,0x00000007ac4044c0,0x00000007ac480000)
  to   space 1024K, 0% used [0x00000007ac280000,0x00000007ac280000,0x00000007ac380000)
 ParOldGen       total 68608K, used 27377K [0x0000000700000000, 0x0000000704300000, 0x00000007aab00000)
  object space 68608K, 39% used [0x0000000700000000,0x0000000701abc608,0x0000000704300000)
 Metaspace       used 11387K, committed 12096K, reserved 1114112K
  class space    used 962K, committed 1280K, reserved 1048576K
}
Event: 6.375 GC heap before
{Heap before GC invocations=13 (full 0):
 PSYoungGen      total 17920K, used 17425K [0x00000007aab00000, 0x00000007ac480000, 0x0000000800000000)
  eden space 16896K, 100% used [0x00000007aab00000,0x00000007abb80000,0x00000007abb80000)
  from space 1024K, 51% used [0x00000007ac380000,0x00000007ac4044c0,0x00000007ac480000)
  to   space 1024K, 0% used [0x00000007ac280000,0x00000007ac280000,0x00000007ac380000)
 ParOldGen       total 68608K, used 27377K [0x0000000700000000, 0x0000000704300000, 0x00000007aab00000)
  object space 68608K, 39% used [0x0000000700000000,0x0000000701abc608,0x0000000704300000)
 Metaspace       used 12200K, committed 12864K, reserved 1114112K
  class space    used 1031K, committed 1344K, reserved 1048576K
}
Event: 6.377 GC heap after
{Heap after GC invocations=13 (full 0):
 PSYoungGen      total 17920K, used 590K [0x00000007aab00000, 0x00000007ac400000, 0x0000000800000000)
  eden space 16896K, 0% used [0x00000007aab00000,0x00000007aab00000,0x00000007abb80000)
  from space 1024K, 57% used [0x00000007ac280000,0x00000007ac313890,0x00000007ac380000)
  to   space 512K, 0% used [0x00000007ac380000,0x00000007ac380000,0x00000007ac400000)
 ParOldGen       total 68608K, used 29226K [0x0000000700000000, 0x0000000704300000, 0x00000007aab00000)
  object space 68608K, 42% used [0x0000000700000000,0x0000000701c8ab50,0x0000000704300000)
 Metaspace       used 12200K, committed 12864K, reserved 1114112K
  class space    used 1031K, committed 1344K, reserved 1048576K
}
Event: 6.477 GC heap before
{Heap before GC invocations=14 (full 0):
 PSYoungGen      total 17920K, used 17486K [0x00000007aab00000, 0x00000007ac400000, 0x0000000800000000)
  eden space 16896K, 100% used [0x00000007aab00000,0x00000007abb80000,0x00000007abb80000)
  from space 1024K, 57% used [0x00000007ac280000,0x00000007ac313890,0x00000007ac380000)
  to   space 512K, 0% used [0x00000007ac380000,0x00000007ac380000,0x00000007ac400000)
 ParOldGen       total 68608K, used 29226K [0x0000000700000000, 0x0000000704300000, 0x00000007aab00000)
  object space 68608K, 42% used [0x0000000700000000,0x0000000701c8ab50,0x0000000704300000)
 Metaspace       used 12524K, committed 13184K, reserved 1114112K
  class space    used 1048K, committed 1344K, reserved 1048576K
}
Event: 6.477 GC heap after
{Heap after GC invocations=14 (full 0):
 PSYoungGen      total 17408K, used 512K [0x00000007aab00000, 0x00000007ac400000, 0x0000000800000000)
  eden space 16896K, 0% used [0x00000007aab00000,0x00000007aab00000,0x00000007abb80000)
  from space 512K, 100% used [0x00000007ac380000,0x00000007ac400000,0x00000007ac400000)
  to   space 1024K, 0% used [0x00000007ac200000,0x00000007ac200000,0x00000007ac300000)
 ParOldGen       total 68608K, used 29508K [0x0000000700000000, 0x0000000704300000, 0x00000007aab00000)
  object space 68608K, 43% used [0x0000000700000000,0x0000000701cd1340,0x0000000704300000)
 Metaspace       used 12524K, committed 13184K, reserved 1114112K
  class space    used 1048K, committed 1344K, reserved 1048576K
}
Event: 6.642 GC heap before
{Heap before GC invocations=15 (full 0):
 PSYoungGen      total 17408K, used 17408K [0x00000007aab00000, 0x00000007ac400000, 0x0000000800000000)
  eden space 16896K, 100% used [0x00000007aab00000,0x00000007abb80000,0x00000007abb80000)
  from space 512K, 100% used [0x00000007ac380000,0x00000007ac400000,0x00000007ac400000)
  to   space 1024K, 0% used [0x00000007ac200000,0x00000007ac200000,0x00000007ac300000)
 ParOldGen       total 68608K, used 29508K [0x0000000700000000, 0x0000000704300000, 0x00000007aab00000)
  object space 68608K, 43% used [0x0000000700000000,0x0000000701cd1340,0x0000000704300000)
 Metaspace       used 12846K, committed 13632K, reserved 1114112K
  class space    used 1068K, committed 1408K, reserved 1048576K
}
Event: 6.643 GC heap after
{Heap after GC invocations=15 (full 0):
 PSYoungGen      total 17920K, used 1007K [0x00000007aab00000, 0x00000007ac400000, 0x0000000800000000)
  eden space 16896K, 0% used [0x00000007aab00000,0x00000007aab00000,0x00000007abb80000)
  from space 1024K, 98% used [0x00000007ac200000,0x00000007ac2fbe90,0x00000007ac300000)
  to   space 1024K, 0% used [0x00000007ac300000,0x00000007ac300000,0x00000007ac400000)
 ParOldGen       total 68608K, used 30157K [0x0000000700000000, 0x0000000704300000, 0x00000007aab00000)
  object space 68608K, 43% used [0x0000000700000000,0x0000000701d73680,0x0000000704300000)
 Metaspace       used 12846K, committed 13632K, reserved 1114112K
  class space    used 1068K, committed 1408K, reserved 1048576K
}
Event: 6.727 GC heap before
{Heap before GC invocations=16 (full 0):
 PSYoungGen      total 17920K, used 17903K [0x00000007aab00000, 0x00000007ac400000, 0x0000000800000000)
  eden space 16896K, 100% used [0x00000007aab00000,0x00000007abb80000,0x00000007abb80000)
  from space 1024K, 98% used [0x00000007ac200000,0x00000007ac2fbe90,0x00000007ac300000)
  to   space 1024K, 0% used [0x00000007ac300000,0x00000007ac300000,0x00000007ac400000)
 ParOldGen       total 68608K, used 30157K [0x0000000700000000, 0x0000000704300000, 0x00000007aab00000)
  object space 68608K, 43% used [0x0000000700000000,0x0000000701d73680,0x0000000704300000)
 Metaspace       used 13119K, committed 13824K, reserved 1114112K
  class space    used 1092K, committed 1408K, reserved 1048576K
}
Event: 6.728 GC heap after
{Heap after GC invocations=16 (full 0):
 PSYoungGen      total 17920K, used 1014K [0x00000007aab00000, 0x00000007ac400000, 0x0000000800000000)
  eden space 16896K, 0% used [0x00000007aab00000,0x00000007aab00000,0x00000007abb80000)
  from space 1024K, 99% used [0x00000007ac300000,0x00000007ac3fd9d0,0x00000007ac400000)
  to   space 3072K, 0% used [0x00000007abe00000,0x00000007abe00000,0x00000007ac100000)
 ParOldGen       total 68608K, used 31562K [0x0000000700000000, 0x0000000704300000, 0x00000007aab00000)
  object space 68608K, 46% used [0x0000000700000000,0x0000000701ed2978,0x0000000704300000)
 Metaspace       used 13119K, committed 13824K, reserved 1114112K
  class space    used 1092K, committed 1408K, reserved 1048576K
}
Event: 7.785 GC heap before
{Heap before GC invocations=17 (full 0):
 PSYoungGen      total 17920K, used 17910K [0x00000007aab00000, 0x00000007ac400000, 0x0000000800000000)
  eden space 16896K, 100% used [0x00000007aab00000,0x00000007abb80000,0x00000007abb80000)
  from space 1024K, 99% used [0x00000007ac300000,0x00000007ac3fd9d0,0x00000007ac400000)
  to   space 3072K, 0% used [0x00000007abe00000,0x00000007abe00000,0x00000007ac100000)
 ParOldGen       total 68608K, used 31562K [0x0000000700000000, 0x0000000704300000, 0x00000007aab00000)
  object space 68608K, 46% used [0x0000000700000000,0x0000000701ed2978,0x0000000704300000)
 Metaspace       used 13289K, committed 13952K, reserved 1114112K
  class space    used 1116K, committed 1408K, reserved 1048576K
}
Event: 7.788 GC heap after
{Heap after GC invocations=17 (full 0):
 PSYoungGen      total 19968K, used 2336K [0x00000007aab00000, 0x00000007ac380000, 0x0000000800000000)
  eden space 16896K, 0% used [0x00000007aab00000,0x00000007aab00000,0x00000007abb80000)
  from space 3072K, 76% used [0x00000007abe00000,0x00000007ac048020,0x00000007ac100000)
  to   space 2560K, 0% used [0x00000007ac100000,0x00000007ac100000,0x00000007ac380000)
 ParOldGen       total 68608K, used 32035K [0x0000000700000000, 0x0000000704300000, 0x00000007aab00000)
  object space 68608K, 46% used [0x0000000700000000,0x0000000701f48e68,0x0000000704300000)
 Metaspace       used 13289K, committed 13952K, reserved 1114112K
  class space    used 1116K, committed 1408K, reserved 1048576K
}

