# JRE version: Java(TM) SE Runtime Environment (21.0.10+8) (build 21.0.10+8-LTS-217)
# Java VM: Java HotSpot(TM) 64-Bit Server VM (21.0.10+8-LTS-217, mixed mode, sharing, tiered, compressed oops, compressed class ptrs, parallel gc, windows-amd64)
GC Precious Log:
 CardTable entry size: 512
 CPUs: 20 total, 20 available
 Memory: 15991M
 Large Page Support: Disabled
 NUMA Support: Disabled
 Compressed Oops: Enabled (Zero based)
 Alignments: Space 512K, Generation 512K, Heap 2M
 Heap Min Capacity: 100M
 Heap Initial Capacity: 100M
 Heap Max Capacity: 4G
 Pre-touch: Disabled
 Parallel Workers: 15
Heap:
 PSYoungGen      total 6144K, used 5395K [0x00000007aab00000, 0x00000007ab200000, 0x0000000800000000)
  eden space 5632K, 93% used [0x00000007aab00000,0x00000007ab024d88,0x00000007ab080000)
  from space 512K, 25% used [0x00000007ab100000,0x00000007ab120000,0x00000007ab180000)
  to   space 512K, 0% used [0x00000007ab180000,0x00000007ab180000,0x00000007ab200000)
 ParOldGen       total 147456K, used 135860K [0x0000000700000000, 0x0000000709000000, 0x00000007aab00000)
  object space 147456K, 92% used [0x0000000700000000,0x00000007084ad020,0x0000000709000000)
 Metaspace       used 33938K, committed 35136K, reserved 1114112K
  class space    used 2529K, committed 3072K, reserved 1048576K
GC Heap History (20 events):
Event: 2187.992 GC heap before
{Heap before GC invocations=1309 (full 34):
 PSYoungGen      total 6656K, used 6272K [0x00000007aab00000, 0x00000007ab280000, 0x0000000800000000)
  eden space 5632K, 100% used [0x00000007aab00000,0x00000007ab080000,0x00000007ab080000)
  from space 1024K, 62% used [0x00000007ab180000,0x00000007ab220000,0x00000007ab280000)
  to   space 1024K, 0% used [0x00000007ab080000,0x00000007ab080000,0x00000007ab180000)
 ParOldGen       total 147456K, used 135516K [0x0000000700000000, 0x0000000709000000, 0x00000007aab00000)
  object space 147456K, 91% used [0x0000000700000000,0x0000000708457020,0x0000000709000000)
 Metaspace       used 33938K, committed 35136K, reserved 1114112K
  class space    used 2529K, committed 3072K, reserved 1048576K
}
Event: 2187.993 GC heap after
{Heap after GC invocations=1309 (full 34):
 PSYoungGen      total 6656K, used 544K [0x00000007aab00000, 0x00000007ab280000, 0x0000000800000000)
  eden space 5632K, 0% used [0x00000007aab00000,0x00000007aab00000,0x00000007ab080000)
  from space 1024K, 53% used [0x00000007ab080000,0x00000007ab108000,0x00000007ab180000)
  to   space 1024K, 0% used [0x00000007ab180000,0x00000007ab180000,0x00000007ab280000)
 ParOldGen       total 147456K, used 135516K [0x0000000700000000, 0x0000000709000000, 0x00000007aab00000)
  object space 147456K, 91% used [0x0000000700000000,0x0000000708457020,0x0000000709000000)
 Metaspace       used 33938K, committed 35136K, reserved 1114112K
  class space    used 2529K, committed 3072K, reserved 1048576K
}
Event: 2188.111 GC heap before
{Heap before GC invocations=1310 (full 34):
 PSYoungGen      total 6656K, used 6176K [0x00000007aab00000, 0x00000007ab280000, 0x0000000800000000)
  eden space 5632K, 100% used [0x00000007aab00000,0x00000007ab080000,0x00000007ab080000)
  from space 1024K, 53% used [0x00000007ab080000,0x00000007ab108000,0x00000007ab180000)
  to   space 1024K, 0% used [0x00000007ab180000,0x00000007ab180000,0x00000007ab280000)
 ParOldGen       total 147456K, used 135516K [0x0000000700000000, 0x0000000709000000, 0x00000007aab00000)
  object space 147456K, 91% used [0x0000000700000000,0x0000000708457020,0x0000000709000000)
 Metaspace       used 33938K, committed 35136K, reserved 1114112K
  class space    used 2529K, committed 3072K, reserved 1048576K
}
Event: 2188.112 GC heap after
{Heap after GC invocations=1310 (full 34):
 PSYoungGen      total 6656K, used 544K [0x00000007aab00000, 0x00000007ab280000, 0x0000000800000000)
  eden space 5632K, 0% used [0x00000007aab00000,0x00000007aab00000,0x00000007ab080000)
  from space 1024K, 53% used [0x00000007ab180000,0x00000007ab208000,0x00000007ab280000)
  to   space 1024K, 0% used [0x00000007ab080000,0x00000007ab080000,0x00000007ab180000)
 ParOldGen       total 147456K, used 135516K [0x0000000700000000, 0x0000000709000000, 0x00000007aab00000)
  object space 147456K, 91% used [0x0000000700000000,0x0000000708457020,0x0000000709000000)
 Metaspace       used 33938K, committed 35136K, reserved 1114112K
  class space    used 2529K, committed 3072K, reserved 1048576K
}
Event: 2188.203 GC heap before
{Heap before GC invocations=1311 (full 34):
 PSYoungGen      total 6656K, used 6176K [0x00000007aab00000, 0x00000007ab280000, 0x0000000800000000)
  eden space 5632K, 100% used [0x00000007aab00000,0x00000007ab080000,0x00000007ab080000)
  from space 1024K, 53% used [0x00000007ab180000,0x00000007ab208000,0x00000007ab280000)
  to   space 1024K, 0% used [0x00000007ab080000,0x00000007ab080000,0x00000007ab180000)
 ParOldGen       total 147456K, used 135516K [0x0000000700000000, 0x0000000709000000, 0x00000007aab00000)
  object space 147456K, 91% used [0x0000000700000000,0x0000000708457020,0x0000000709000000)
 Metaspace       used 33938K, committed 35136K, reserved 1114112K
  class space    used 2529K, committed 3072K, reserved 1048576K
}
Event: 2188.204 GC heap after
{Heap after GC invocations=1311 (full 34):
 PSYoungGen      total 6656K, used 640K [0x00000007aab00000, 0x00000007ab280000, 0x0000000800000000)
  eden space 5632K, 0% used [0x00000007aab00000,0x00000007aab00000,0x00000007ab080000)
  from space 1024K, 62% used [0x00000007ab080000,0x00000007ab120000,0x00000007ab180000)
  to   space 1024K, 0% used [0x00000007ab180000,0x00000007ab180000,0x00000007ab280000)
 ParOldGen       total 147456K, used 135516K [0x0000000700000000, 0x0000000709000000, 0x00000007aab00000)
  object space 147456K, 91% used [0x0000000700000000,0x0000000708457020,0x0000000709000000)
 Metaspace       used 33938K, committed 35136K, reserved 1114112K
  class space    used 2529K, committed 3072K, reserved 1048576K
}
Event: 2188.311 GC heap before
{Heap before GC invocations=1312 (full 34):
 PSYoungGen      total 6656K, used 6272K [0x00000007aab00000, 0x00000007ab280000, 0x0000000800000000)
  eden space 5632K, 100% used [0x00000007aab00000,0x00000007ab080000,0x00000007ab080000)
  from space 1024K, 62% used [0x00000007ab080000,0x00000007ab120000,0x00000007ab180000)
  to   space 1024K, 0% used [0x00000007ab180000,0x00000007ab180000,0x00000007ab280000)
 ParOldGen       total 147456K, used 135516K [0x0000000700000000, 0x0000000709000000, 0x00000007aab00000)
  object space 147456K, 91% used [0x0000000700000000,0x0000000708457020,0x0000000709000000)
 Metaspace       used 33938K, committed 35136K, reserved 1114112K
  class space    used 2529K, committed 3072K, reserved 1048576K
}
Event: 2188.312 GC heap after
{Heap after GC invocations=1312 (full 34):
 PSYoungGen      total 6656K, used 544K [0x00000007aab00000, 0x00000007ab280000, 0x0000000800000000)
  eden space 5632K, 0% used [0x00000007aab00000,0x00000007aab00000,0x00000007ab080000)
  from space 1024K, 53% used [0x00000007ab180000,0x00000007ab208000,0x00000007ab280000)
  to   space 1024K, 0% used [0x00000007ab080000,0x00000007ab080000,0x00000007ab180000)
 ParOldGen       total 147456K, used 135516K [0x0000000700000000, 0x0000000709000000, 0x00000007aab00000)
  object space 147456K, 91% used [0x0000000700000000,0x0000000708457020,0x0000000709000000)
 Metaspace       used 33938K, committed 35136K, reserved 1114112K
  class space    used 2529K, committed 3072K, reserved 1048576K
}
Event: 2188.380 GC heap before
{Heap before GC invocations=1313 (full 34):
 PSYoungGen      total 6656K, used 6176K [0x00000007aab00000, 0x00000007ab280000, 0x0000000800000000)
  eden space 5632K, 100% used [0x00000007aab00000,0x00000007ab080000,0x00000007ab080000)
  from space 1024K, 53% used [0x00000007ab180000,0x00000007ab208000,0x00000007ab280000)
  to   space 1024K, 0% used [0x00000007ab080000,0x00000007ab080000,0x00000007ab180000)
 ParOldGen       total 147456K, used 135516K [0x0000000700000000, 0x0000000709000000, 0x00000007aab00000)
  object space 147456K, 91% used [0x0000000700000000,0x0000000708457020,0x0000000709000000)
 Metaspace       used 33938K, committed 35136K, reserved 1114112K
  class space    used 2529K, committed 3072K, reserved 1048576K
}
Event: 2188.381 GC heap after
{Heap after GC invocations=1313 (full 34):
 PSYoungGen      total 6656K, used 608K [0x00000007aab00000, 0x00000007ab280000, 0x0000000800000000)
  eden space 5632K, 0% used [0x00000007aab00000,0x00000007aab00000,0x00000007ab080000)
  from space 1024K, 59% used [0x00000007ab080000,0x00000007ab118000,0x00000007ab180000)
  to   space 1024K, 0% used [0x00000007ab180000,0x00000007ab180000,0x00000007ab280000)
 ParOldGen       total 147456K, used 135516K [0x0000000700000000, 0x0000000709000000, 0x00000007aab00000)
  object space 147456K, 91% used [0x0000000700000000,0x0000000708457020,0x0000000709000000)
 Metaspace       used 33938K, committed 35136K, reserved 1114112K
  class space    used 2529K, committed 3072K, reserved 1048576K
}
Event: 2188.450 GC heap before
{Heap before GC invocations=1314 (full 34):
 PSYoungGen      total 6656K, used 6240K [0x00000007aab00000, 0x00000007ab280000, 0x0000000800000000)
  eden space 5632K, 100% used [0x00000007aab00000,0x00000007ab080000,0x00000007ab080000)
  from space 1024K, 59% used [0x00000007ab080000,0x00000007ab118000,0x00000007ab180000)
  to   space 1024K, 0% used [0x00000007ab180000,0x00000007ab180000,0x00000007ab280000)
 ParOldGen       total 147456K, used 135516K [0x0000000700000000, 0x0000000709000000, 0x00000007aab00000)
  object space 147456K, 91% used [0x0000000700000000,0x0000000708457020,0x0000000709000000)
 Metaspace       used 33938K, committed 35136K, reserved 1114112K
  class space    used 2529K, committed 3072K, reserved 1048576K
}
Event: 2188.451 GC heap after
{Heap after GC invocations=1314 (full 34):
 PSYoungGen      total 6656K, used 544K [0x00000007aab00000, 0x00000007ab280000, 0x0000000800000000)
  eden space 5632K, 0% used [0x00000007aab00000,0x00000007aab00000,0x00000007ab080000)
  from space 1024K, 53% used [0x00000007ab180000,0x00000007ab208000,0x00000007ab280000)
  to   space 1024K, 0% used [0x00000007ab080000,0x00000007ab080000,0x00000007ab180000)
 ParOldGen       total 147456K, used 135516K [0x0000000700000000, 0x0000000709000000, 0x00000007aab00000)
  object space 147456K, 91% used [0x0000000700000000,0x0000000708457020,0x0000000709000000)
 Metaspace       used 33938K, committed 35136K, reserved 1114112K
  class space    used 2529K, committed 3072K, reserved 1048576K
}
Event: 2188.530 GC heap before
{Heap before GC invocations=1315 (full 34):
 PSYoungGen      total 6656K, used 6176K [0x00000007aab00000, 0x00000007ab280000, 0x0000000800000000)
  eden space 5632K, 100% used [0x00000007aab00000,0x00000007ab080000,0x00000007ab080000)
  from space 1024K, 53% used [0x00000007ab180000,0x00000007ab208000,0x00000007ab280000)
  to   space 1024K, 0% used [0x00000007ab080000,0x00000007ab080000,0x00000007ab180000)
 ParOldGen       total 147456K, used 135516K [0x0000000700000000, 0x0000000709000000, 0x00000007aab00000)
  object space 147456K, 91% used [0x0000000700000000,0x0000000708457020,0x0000000709000000)
 Metaspace       used 33938K, committed 35136K, reserved 1114112K
  class space    used 2529K, committed 3072K, reserved 1048576K
}
Event: 2188.531 GC heap after
{Heap after GC invocations=1315 (full 34):
 PSYoungGen      total 6656K, used 608K [0x00000007aab00000, 0x00000007ab280000, 0x0000000800000000)
  eden space 5632K, 0% used [0x00000007aab00000,0x00000007aab00000,0x00000007ab080000)
  from space 1024K, 59% used [0x00000007ab080000,0x00000007ab118000,0x00000007ab180000)
  to   space 1024K, 0% used [0x00000007ab180000,0x00000007ab180000,0x00000007ab280000)
 ParOldGen       total 147456K, used 135516K [0x0000000700000000, 0x0000000709000000, 0x00000007aab00000)
  object space 147456K, 91% used [0x0000000700000000,0x0000000708457020,0x0000000709000000)
 Metaspace       used 33938K, committed 35136K, reserved 1114112K
  class space    used 2529K, committed 3072K, reserved 1048576K
}
Event: 2188.597 GC heap before
{Heap before GC invocations=1316 (full 34):
 PSYoungGen      total 6656K, used 6240K [0x00000007aab00000, 0x00000007ab280000, 0x0000000800000000)
  eden space 5632K, 100% used [0x00000007aab00000,0x00000007ab080000,0x00000007ab080000)
  from space 1024K, 59% used [0x00000007ab080000,0x00000007ab118000,0x00000007ab180000)
  to   space 1024K, 0% used [0x00000007ab180000,0x00000007ab180000,0x00000007ab280000)
 ParOldGen       total 147456K, used 135516K [0x0000000700000000, 0x0000000709000000, 0x00000007aab00000)
  object space 147456K, 91% used [0x0000000700000000,0x0000000708457020,0x0000000709000000)
 Metaspace       used 33938K, committed 35136K, reserved 1114112K
  class space    used 2529K, committed 3072K, reserved 1048576K
}
Event: 2188.598 GC heap after
{Heap after GC invocations=1316 (full 34):
 PSYoungGen      total 6656K, used 576K [0x00000007aab00000, 0x00000007ab280000, 0x0000000800000000)
  eden space 5632K, 0% used [0x00000007aab00000,0x00000007aab00000,0x00000007ab080000)
  from space 1024K, 56% used [0x00000007ab180000,0x00000007ab210000,0x00000007ab280000)
  to   space 1024K, 0% used [0x00000007ab080000,0x00000007ab080000,0x00000007ab180000)
 ParOldGen       total 147456K, used 135516K [0x0000000700000000, 0x0000000709000000, 0x00000007aab00000)
  object space 147456K, 91% used [0x0000000700000000,0x0000000708457020,0x0000000709000000)
 Metaspace       used 33938K, committed 35136K, reserved 1114112K
  class space    used 2529K, committed 3072K, reserved 1048576K
}
Event: 2188.683 GC heap before
{Heap before GC invocations=1317 (full 34):
 PSYoungGen      total 6656K, used 6208K [0x00000007aab00000, 0x00000007ab280000, 0x0000000800000000)
  eden space 5632K, 100% used [0x00000007aab00000,0x00000007ab080000,0x00000007ab080000)
  from space 1024K, 56% used [0x00000007ab180000,0x00000007ab210000,0x00000007ab280000)
  to   space 1024K, 0% used [0x00000007ab080000,0x00000007ab080000,0x00000007ab180000)
 ParOldGen       total 147456K, used 135516K [0x0000000700000000, 0x0000000709000000, 0x00000007aab00000)
  object space 147456K, 91% used [0x0000000700000000,0x0000000708457020,0x0000000709000000)
 Metaspace       used 33938K, committed 35136K, reserved 1114112K
  class space    used 2529K, committed 3072K, reserved 1048576K
}
Event: 2188.684 GC heap after
{Heap after GC invocations=1317 (full 34):
 PSYoungGen      total 6656K, used 576K [0x00000007aab00000, 0x00000007ab280000, 0x0000000800000000)
  eden space 5632K, 0% used [0x00000007aab00000,0x00000007aab00000,0x00000007ab080000)
  from space 1024K, 56% used [0x00000007ab080000,0x00000007ab110000,0x00000007ab180000)
  to   space 1024K, 0% used [0x00000007ab180000,0x00000007ab180000,0x00000007ab280000)
 ParOldGen       total 147456K, used 135516K [0x0000000700000000, 0x0000000709000000, 0x00000007aab00000)
  object space 147456K, 91% used [0x0000000700000000,0x0000000708457020,0x0000000709000000)
 Metaspace       used 33938K, committed 35136K, reserved 1114112K
  class space    used 2529K, committed 3072K, reserved 1048576K
}
Event: 2188.778 GC heap before
{Heap before GC invocations=1318 (full 34):
 PSYoungGen      total 6656K, used 6208K [0x00000007aab00000, 0x00000007ab280000, 0x0000000800000000)
  eden space 5632K, 100% used [0x00000007aab00000,0x00000007ab080000,0x00000007ab080000)
  from space 1024K, 56% used [0x00000007ab080000,0x00000007ab110000,0x00000007ab180000)
  to   space 1024K, 0% used [0x00000007ab180000,0x00000007ab180000,0x00000007ab280000)
 ParOldGen       total 147456K, used 135516K [0x0000000700000000, 0x0000000709000000, 0x00000007aab00000)
  object space 147456K, 91% used [0x0000000700000000,0x0000000708457020,0x0000000709000000)
 Metaspace       used 33938K, committed 35136K, reserved 1114112K
  class space    used 2529K, committed 3072K, reserved 1048576K
}
Event: 2189.051 GC heap after
{Heap after GC invocations=1318 (full 34):
 PSYoungGen      total 6144K, used 96K [0x00000007aab00000, 0x00000007ab200000, 0x0000000800000000)
  eden space 5632K, 0% used [0x00000007aab00000,0x00000007aab00000,0x00000007ab080000)
  from space 512K, 18% used [0x00000007ab180000,0x00000007ab198000,0x00000007ab200000)
  to   space 512K, 0% used [0x00000007ab100000,0x00000007ab100000,0x00000007ab180000)
 ParOldGen       total 147456K, used 135860K [0x0000000700000000, 0x0000000709000000, 0x00000007aab00000)
  object space 147456K, 92% used [0x0000000700000000,0x00000007084ad020,0x0000000709000000)
 Metaspace       used 33938K, committed 35136K, reserved 1114112K
  class space    used 2529K, committed 3072K, reserved 1048576K
}

